<?xml version="1.0" encoding="utf-8"?>
<TestRun id="8450b2d8-a694-48e0-860b-4dd850b99590" name="@1f6f39661ba5 2025-03-31 19:13:04" xmlns="http://microsoft.com/schemas/VisualStudio/TeamTest/2010">
  <Times creation="2025-03-31T19:13:04.3558773+00:00" queuing="2025-03-31T19:13:04.3558774+00:00" start="2025-03-31T19:13:02.2559648+00:00" finish="2025-03-31T19:13:04.3914789+00:00" />
  <TestSettings name="default" id="7806733d-59c2-4cda-9805-9ba5b7deeb17">
    <Deployment runDeploymentRoot="_1f6f39661ba5_2025-03-31_19_13_04" />
  </TestSettings>
  <Results>
    <UnitTestResult executionId="9c917591-2488-4ef0-9072-ce8def69477e" testId="43008f92-6fd1-47ff-39b7-1f73b8155c4b" testName="AnotherTest.UnitTests.UnitTest1.Test1" computerName="1f6f39661ba5" duration="00:00:00.0034620" startTime="2025-03-31T19:13:03.9024297+00:00" endTime="2025-03-31T19:13:03.9024860+00:00" testType="13cdc9d9-ddb5-4fa4-a97d-d965ccfc6d4b" outcome="Passed" testListId="8c84fa94-04c1-424b-9868-57a2d4851a1d" relativeResultsDirectory="9c917591-2488-4ef0-9072-ce8def69477e" />
  </Results>
  <TestDefinitions>
    <UnitTest name="AnotherTest.UnitTests.UnitTest1.Test1" storage="/src/tests/workflow-test/anothertest.unittests/bin/release/net8.0/anothertest.unittests.dll" id="43008f92-6fd1-47ff-39b7-1f73b8155c4b">
      <Execution id="9c917591-2488-4ef0-9072-ce8def69477e" />
      <TestMethod codeBase="/src/tests/workflow-test/AnotherTest.UnitTests/bin/Release/net8.0/AnotherTest.UnitTests.dll" adapterTypeName="executor://xunit/VsTestRunner2/netcoreapp" className="AnotherTest.UnitTests.UnitTest1" name="Test1" />
    </UnitTest>
  </TestDefinitions>
  <TestEntries>
    <TestEntry testId="43008f92-6fd1-47ff-39b7-1f73b8155c4b" executionId="9c917591-2488-4ef0-9072-ce8def69477e" testListId="8c84fa94-04c1-424b-9868-57a2d4851a1d" />
  </TestEntries>
  <TestLists>
    <TestList name="Results Not in a List" id="8c84fa94-04c1-424b-9868-57a2d4851a1d" />
    <TestList name="All Loaded Results" id="19431567-8539-422a-85d7-44ee4e166bda" />
  </TestLists>
  <ResultSummary outcome="Completed">
    <Counters total="1" executed="1" passed="1" failed="0" error="0" timeout="0" aborted="0" inconclusive="0" passedButRunAborted="0" notRunnable="0" notExecuted="0" disconnected="0" warning="0" completed="0" inProgress="0" pending="0" />
    <Output>
      <StdOut>[xUnit.net 00:00:00.00] xUnit.net VSTest Adapter v2.5.3.1+6b60a9e56a (64-bit .NET 8.0.14)
[xUnit.net 00:00:00.12]   Discovering: AnotherTest.UnitTests
[xUnit.net 00:00:00.17]   Discovered:  AnotherTest.UnitTests
[xUnit.net 00:00:00.17]   Starting:    AnotherTest.UnitTests
[xUnit.net 00:00:00.27]   Finished:    AnotherTest.UnitTests
</StdOut>
    </Output>
    <CollectorDataEntries>
      <Collector agentName="1f6f39661ba5" uri="datacollector://microsoft/CoverletCodeCoverage/1.0" collectorDisplayName="XPlat code coverage">
        <UriAttachments>
          <UriAttachment>
            <A href="1f6f39661ba5/coverage.cobertura.xml"></A>
          </UriAttachment>
        </UriAttachments>
      </Collector>
      <Collector agentName="1f6f39661ba5" uri="datacollector://microsoft/CodeCoverage/2.0" collectorDisplayName="Code Coverage">
        <UriAttachments>
          <UriAttachment>
            <A href="1f6f39661ba5/_1f6f39661ba5_2025-03-31.19_13_04.coverage"></A>
          </UriAttachment>
        </UriAttachments>
      </Collector>
    </CollectorDataEntries>
  </ResultSummary>
</TestRun>